-------------------------------------------------------------------------------
Test set: kodlama.io.rentacar.RentACarApplicationTests
-------------------------------------------------------------------------------
Tests run: 1, Failures: 0, Errors: 1, Skipped: 0, Time elapsed: 4.714 s <<< FAILURE! - in kodlama.io.rentacar.RentACarApplicationTests
contextLoads  Time elapsed: 0.007 s  <<< ERROR!
java.lang.IllegalStateException: Failed to load ApplicationContext for [WebMergedContextConfiguration@750adad8 testClass = kodlama.io.rentacar.RentACarApplicationTests, locations = [], classes = [kodlama.io.rentacar.RentACarApplication], contextInitializerClasses = [], activeProfiles = [], propertySourceLocations = [], propertySourceProperties = ["org.springframework.boot.test.context.SpringBootTestContextBootstrapper=true"], contextCustomizers = [org.springframework.boot.test.context.filter.ExcludeFilterContextCustomizer@4686afc2, org.springframework.boot.test.json.DuplicateJsonObjectContextCustomizerFactory$DuplicateJsonObjectContextCustomizer@f09733f, org.springframework.boot.test.mock.mockito.MockitoContextCustomizer@0, org.springframework.boot.test.web.client.TestRestTemplateContextCustomizer@2e385cce, org.springframework.boot.test.autoconfigure.actuate.observability.ObservabilityContextCustomizerFactory$DisableObservabilityContextCustomizer@9da1, org.springframework.boot.test.autoconfigure.properties.PropertyMappingContextCustomizer@0, org.springframework.boot.test.autoconfigure.web.servlet.WebDriverContextCustomizerFactory$Customizer@54422e18, org.springframework.boot.test.context.SpringBootTestAnnotation@90c5503d], resourceBasePath = "src/main/webapp", contextLoader = org.springframework.boot.test.context.SpringBootContextLoader, parent = null]
Caused by: org.springframework.beans.factory.UnsatisfiedDependencyException: Error creating bean with name 'individualCustomersController' defined in file [C:\Projelerim\Turkcell-Bootcamp-rent-a-car\Turkcell-Bootcamp-rent-a-car\target\classes\kodlama\io\rentacar\api\controllers\IndividualCustomersController.class]: Unsatisfied dependency expressed through constructor parameter 0: Error creating bean with name 'individualCustomerManager' defined in file [C:\Projelerim\Turkcell-Bootcamp-rent-a-car\Turkcell-Bootcamp-rent-a-car\target\classes\kodlama\io\rentacar\business\concretes\IndividualCustomerManager.class]: Unsatisfied dependency expressed through constructor parameter 7: Error creating bean with name 'emailServiceImpl': Injection of autowired dependencies failed
Caused by: org.springframework.beans.factory.UnsatisfiedDependencyException: Error creating bean with name 'individualCustomerManager' defined in file [C:\Projelerim\Turkcell-Bootcamp-rent-a-car\Turkcell-Bootcamp-rent-a-car\target\classes\kodlama\io\rentacar\business\concretes\IndividualCustomerManager.class]: Unsatisfied dependency expressed through constructor parameter 7: Error creating bean with name 'emailServiceImpl': Injection of autowired dependencies failed
Caused by: org.springframework.beans.factory.BeanCreationException: Error creating bean with name 'emailServiceImpl': Injection of autowired dependencies failed
Caused by: java.lang.IllegalArgumentException: Could not resolve placeholder 'spring.mail.username' in value "${spring.mail.username}"

